eeschema (2011-05-25)-stable  >> Creation date: Mon 07 Oct 2013 02:55:33 PM EDT

#Cmp ( order = Reference )
| C1         0.1uF       
| C2         0.1uF       
| C3         10uF        
| C4         10uF        
| C5         2.2uF       
| C6         2.2uF       
| C7         0.1uF       
| D1         LED         
| D2         LED         
| D3         LED         
| D4         LED         
| D5         LED         
| D6         LED         
| D7         LED         
| D8         LED         
| D9         LED         
| K1         CONN_3      
| K2         CONN_3      
| K3         CONN_3      
| K4         CONN_3      
| P1         CONN_POWER  
| P2         CONN_2      
| P3         CONN_2      
| P4         CONN_2      
| P5         CONN_2      
| P6         CONN_2      
| P7         CONN_2      
| P8         CONN_2      
| P9         CONN_2      
| R1         1.96k       
| RP1        R_PACK8_2.2k
| SHIELD1    ARDUINO_MEGA_SHIELD_FULL
| U1         BAT54TW     
| U2         BAT54TW     
| U3         BAT54TW     
| U4         TLE7232     
#End Cmp

#Cmp ( order = Value )
| 0.1uF        C1        
| 0.1uF        C2        
| 0.1uF        C7        
| 1.96k        R1        
| 10uF         C3        
| 10uF         C4        
| 2.2uF        C5        
| 2.2uF        C6        
| ARDUINO_MEGA_SHIELD_FULL SHIELD1   
| BAT54TW      U1        
| BAT54TW      U2        
| BAT54TW      U3        
| CONN_2       P2        
| CONN_2       P3        
| CONN_2       P4        
| CONN_2       P5        
| CONN_2       P6        
| CONN_2       P7        
| CONN_2       P8        
| CONN_2       P9        
| CONN_3       K1        
| CONN_3       K2        
| CONN_3       K3        
| CONN_3       K4        
| CONN_POWER   P1        
| LED          D1        
| LED          D2        
| LED          D3        
| LED          D4        
| LED          D5        
| LED          D6        
| LED          D7        
| LED          D8        
| LED          D9        
| R_PACK8_2.2k RP1       
| TLE7232      U4        
#End Cmp

#End List
